#
# A fatal error has been detected by the Java Runtime Environment:
#
#  Internal Error (javaClasses.cpp:129), pid=75236, tid=69428
#  fatal error: Invalid layout of preloaded class
#
# JRE version: 7.0_17-b02
# Java VM: Java HotSpot(TM) 64-Bit Server VM (23.7-b01 mixed mode windows-amd64 compressed oops)
# Failed to write core dump. Minidumps are not enabled by default on client versions of Windows
#
# If you would like to submit a bug report, please visit:
#   http://bugreport.sun.com/bugreport/crash.jsp
#

---------------  T H R E A D  ---------------

Current thread (0x00000000000ee800):  JavaThread "Unknown thread" [_thread_in_vm, id=69428, stack(0x0000000002650000,0x0000000002750000)]

Stack: [0x0000000002650000,0x0000000002750000]

---------------  P R O C E S S  ---------------

Java Threads: ( => current thread )

Other Threads:

=>0x00000000000ee800 (exited) JavaThread "Unknown thread" [_thread_in_vm, id=69428, stack(0x0000000002650000,0x0000000002750000)]

VM state:not at safepoint (not fully initialized)

VM Mutex/Monitor currently owned by a thread: None

GC Heap History (0 events):
No events

Deoptimization events (0 events):
No events

Internal exceptions (0 events):
No events

Events (10 events):
Event: 0.010 loading class 0x00000000023fe330 done
Event: 0.010 loading class 0x00000000023b35d0 done
Event: 0.010 loading class 0x00000000023b35a0
Event: 0.010 loading class 0x00000000024096a0
Event: 0.010 loading class 0x00000000024096a0 done
Event: 0.010 loading class 0x00000000024096e0
Event: 0.010 loading class 0x00000000024096e0 done
Event: 0.010 loading class 0x000000000241c710
Event: 0.010 loading class 0x000000000241c710 done
Event: 0.010 loading class 0x00000000023b35a0 done


Dynamic libraries:
0x000000013f570000 - 0x000000013f5a3000 	C:\Program Files (x86)\Java\jdk 1.7\bin\javaw.exe
0x0000000076ff0000 - 0x0000000077199000 	C:\Windows\SYSTEM32\ntdll.dll
0x0000000076ed0000 - 0x0000000076fef000 	C:\Windows\system32\kernel32.dll
0x000007fefd7b0000 - 0x000007fefd81c000 	C:\Windows\system32\KERNELBASE.dll
0x000007fefe8d0000 - 0x000007fefe9ab000 	C:\Windows\system32\ADVAPI32.dll
0x000007fefee10000 - 0x000007fefeeaf000 	C:\Windows\system32\msvcrt.dll
0x000007fefedd0000 - 0x000007fefedef000 	C:\Windows\SYSTEM32\sechost.dll
0x000007feff1d0000 - 0x000007feff2fd000 	C:\Windows\system32\RPCRT4.dll
0x0000000076dd0000 - 0x0000000076eca000 	C:\Windows\system32\USER32.dll
0x000007fefd940000 - 0x000007fefd9a7000 	C:\Windows\system32\GDI32.dll
0x000007fefea10000 - 0x000007fefea1e000 	C:\Windows\system32\LPK.dll
0x000007fefeaa0000 - 0x000007fefeb69000 	C:\Windows\system32\USP10.dll
0x000007fefb9a0000 - 0x000007fefbb94000 	C:\Windows\WinSxS\amd64_microsoft.windows.common-controls_6595b64144ccf1df_6.0.7601.17514_none_fa396087175ac9ac\COMCTL32.dll
0x000007fefd8c0000 - 0x000007fefd931000 	C:\Windows\system32\SHLWAPI.dll
0x000007fefeeb0000 - 0x000007fefeede000 	C:\Windows\system32\IMM32.DLL
0x000007feff0c0000 - 0x000007feff1c9000 	C:\Windows\system32\MSCTF.dll
0x000007fefd400000 - 0x000007fefd444000 	C:\Windows\system32\nvinitx.dll
0x0000000055010000 - 0x00000000550e1000 	C:\Program Files (x86)\Java\jdk 1.7\jre\bin\msvcr100.dll
0x00000000548f0000 - 0x000000005500f000 	C:\Program Files (x86)\Java\jdk 1.7\jre\bin\server\jvm.dll
0x000007fef7c10000 - 0x000007fef7c19000 	C:\Windows\system32\WSOCK32.dll
0x000007fefeb70000 - 0x000007fefebbd000 	C:\Windows\system32\WS2_32.dll
0x000007fefda50000 - 0x000007fefda58000 	C:\Windows\system32\NSI.dll
0x000007fefa0c0000 - 0x000007fefa0fb000 	C:\Windows\system32\WINMM.dll
0x00000000771c0000 - 0x00000000771c7000 	C:\Windows\system32\PSAPI.DLL
0x0000000057cb0000 - 0x0000000057cbf000 	C:\Program Files (x86)\Java\jdk 1.7\jre\bin\verify.dll
0x00000000551a0000 - 0x00000000551c8000 	C:\Program Files (x86)\Java\jdk 1.7\jre\bin\java.dll
0x0000000055180000 - 0x0000000055195000 	C:\Program Files (x86)\Java\jdk 1.7\jre\bin\zip.dll

VM Arguments:
jvm_args: -Dfile.encoding=Cp1252 -Xbootclasspath/p:C:\Users\amirsaleh\Desktop\Android\app\adt-bundle-windows-x86_64-20130219\sdk\platforms\android-17\android.jar 
java_command: lpim.main.tools.AMSTools
Launcher Type: SUN_STANDARD

Environment Variables:
JAVA_HOME=C:\Program Files (x86)\Java\jre6
CLASSPATH=.;.;C:\PROGRA~2\JMF21~1.1E\lib\sound.jar;C:\PROGRA~2\JMF21~1.1E\lib\jmf.jar;C:\PROGRA~2\JMF21~1.1E\lib;
PATH=C:\Program Files\Common Files\Microsoft Shared\Windows Live;C:\Program Files (x86)\Common Files\Microsoft Shared\Windows Live;C:\Program Files\Lenovo Fingerprint Reader\;C:\Program Files\Lenovo Fingerprint Reader\x86;C:\Program Files (x86)\NVIDIA Corporation\PhysX\Common;C:\Program Files (x86)\Intel\iCLS Client\;C:\Program Files\Intel\iCLS Client\;C:\Windows\system32;C:\Windows;C:\Windows\System32\Wbem;C:\Windows\System32\WindowsPowerShell\v1.0\;C:\Program Files\Intel\Intel(R) Management Engine Components\DAL;C:\Program Files\Intel\Intel(R) Management Engine Components\IPT;C:\Program Files (x86)\Intel\Intel(R) Management Engine Components\DAL;C:\Program Files (x86)\Intel\Intel(R) Management Engine Components\IPT;C:\Program Files (x86)\Intel\OpenCL SDK\2.0\bin\x86;C:\Program Files (x86)\Intel\OpenCL SDK\2.0\bin\x64;C:\Program Files\Intel\WiFi\bin\;C:\Program Files\Common Files\Intel\WirelessCommon\;C:\Program Files\Common Files\Lenovo;C:\Program Files (x86)\Common Files\Ulead Systems\MPEG;C:\Program Files (x86;C:\Program Files\TortoiseSVN\bin
USERNAME=amirsaleh
OS=Windows_NT
PROCESSOR_IDENTIFIER=Intel64 Family 6 Model 58 Stepping 9, GenuineIntel



---------------  S Y S T E M  ---------------

OS: Windows 7 , 64 bit Build 7601 Service Pack 1

CPU:total 8 (4 cores per cpu, 2 threads per core) family 6 model 58 stepping 9, cmov, cx8, fxsr, mmx, sse, sse2, sse3, ssse3, sse4.1, sse4.2, popcnt, avx, ht, tsc, tscinvbit, tscinv

Memory: 4k page, physical 7972624k(2821804k free), swap 15943396k(9995332k free)

vm_info: Java HotSpot(TM) 64-Bit Server VM (23.7-b01) for windows-amd64 JRE (1.7.0_17-b02), built on Mar  1 2013 03:38:30 by "java_re" with unknown MS VC++:1600

time: Tue May 21 22:40:17 2013
elapsed time: 0 seconds

